Determining if the pthread_create exist failed with the following output:
Change Dir: /home/j1ai/Desktop/CSC418/Bounding-Volume-Hierarchy/build_release/CMakeFiles/CMakeTmp

Run Build Command:"/usr/bin/make" "cmTC_c6080/fast"
/usr/bin/make -f CMakeFiles/cmTC_c6080.dir/build.make CMakeFiles/cmTC_c6080.dir/build
make[1]: Entering directory '/home/j1ai/Desktop/CSC418/Bounding-Volume-Hierarchy/build_release/CMakeFiles/CMakeTmp'
Building C object CMakeFiles/cmTC_c6080.dir/CheckSymbolExists.c.o
/usr/bin/cc    -fPIC    -o CMakeFiles/cmTC_c6080.dir/CheckSymbolExists.c.o   -c /home/j1ai/Desktop/CSC418/Bounding-Volume-Hierarchy/build_release/CMakeFiles/CMakeTmp/CheckSymbolExists.c
Linking C executable cmTC_c6080
/usr/bin/cmake -E cmake_link_script CMakeFiles/cmTC_c6080.dir/link.txt --verbose=1
/usr/bin/cc   -fPIC     CMakeFiles/cmTC_c6080.dir/CheckSymbolExists.c.o  -o cmTC_c6080 -rdynamic 
CMakeFiles/cmTC_c6080.dir/CheckSymbolExists.c.o: In function `main':
CheckSymbolExists.c:(.text+0x1b): undefined reference to `pthread_create'
collect2: error: ld returned 1 exit status
CMakeFiles/cmTC_c6080.dir/build.make:97: recipe for target 'cmTC_c6080' failed
make[1]: *** [cmTC_c6080] Error 1
make[1]: Leaving directory '/home/j1ai/Desktop/CSC418/Bounding-Volume-Hierarchy/build_release/CMakeFiles/CMakeTmp'
Makefile:126: recipe for target 'cmTC_c6080/fast' failed
make: *** [cmTC_c6080/fast] Error 2

File /home/j1ai/Desktop/CSC418/Bounding-Volume-Hierarchy/build_release/CMakeFiles/CMakeTmp/CheckSymbolExists.c:
/* */
#include <pthread.h>

int main(int argc, char** argv)
{
  (void)argv;
#ifndef pthread_create
  return ((int*)(&pthread_create))[argc];
#else
  (void)argc;
  return 0;
#endif
}

Determining if the function pthread_create exists in the pthreads failed with the following output:
Change Dir: /home/j1ai/Desktop/CSC418/Bounding-Volume-Hierarchy/build_release/CMakeFiles/CMakeTmp

Run Build Command:"/usr/bin/make" "cmTC_0f792/fast"
/usr/bin/make -f CMakeFiles/cmTC_0f792.dir/build.make CMakeFiles/cmTC_0f792.dir/build
make[1]: Entering directory '/home/j1ai/Desktop/CSC418/Bounding-Volume-Hierarchy/build_release/CMakeFiles/CMakeTmp'
Building C object CMakeFiles/cmTC_0f792.dir/CheckFunctionExists.c.o
/usr/bin/cc    -fPIC -DCHECK_FUNCTION_EXISTS=pthread_create   -o CMakeFiles/cmTC_0f792.dir/CheckFunctionExists.c.o   -c /usr/share/cmake-3.5/Modules/CheckFunctionExists.c
Linking C executable cmTC_0f792
/usr/bin/cmake -E cmake_link_script CMakeFiles/cmTC_0f792.dir/link.txt --verbose=1
/usr/bin/cc   -fPIC -DCHECK_FUNCTION_EXISTS=pthread_create    CMakeFiles/cmTC_0f792.dir/CheckFunctionExists.c.o  -o cmTC_0f792 -rdynamic -lpthreads 
/usr/bin/ld: cannot find -lpthreads
collect2: error: ld returned 1 exit status
CMakeFiles/cmTC_0f792.dir/build.make:97: recipe for target 'cmTC_0f792' failed
make[1]: *** [cmTC_0f792] Error 1
make[1]: Leaving directory '/home/j1ai/Desktop/CSC418/Bounding-Volume-Hierarchy/build_release/CMakeFiles/CMakeTmp'
Makefile:126: recipe for target 'cmTC_0f792/fast' failed
make: *** [cmTC_0f792/fast] Error 2


