Determining if the pthread_create exist failed with the following output:
Change Dir: /home/j1ai/Desktop/CSC418/Bounding-Volume-Hierarchy/cmake-build-debug/CMakeFiles/CMakeTmp

Run Build Command:"/usr/bin/make" "cmTC_744be/fast"
/usr/bin/make -f CMakeFiles/cmTC_744be.dir/build.make CMakeFiles/cmTC_744be.dir/build
make[1]: Entering directory '/home/j1ai/Desktop/CSC418/Bounding-Volume-Hierarchy/cmake-build-debug/CMakeFiles/CMakeTmp'
Building C object CMakeFiles/cmTC_744be.dir/CheckSymbolExists.c.o
/usr/bin/cc   -fPIC    -o CMakeFiles/cmTC_744be.dir/CheckSymbolExists.c.o   -c /home/j1ai/Desktop/CSC418/Bounding-Volume-Hierarchy/cmake-build-debug/CMakeFiles/CMakeTmp/CheckSymbolExists.c
Linking C executable cmTC_744be
/home/j1ai/Downloads/clion-2017.3/bin/cmake/bin/cmake -E cmake_link_script CMakeFiles/cmTC_744be.dir/link.txt --verbose=1
/usr/bin/cc  -fPIC     -rdynamic CMakeFiles/cmTC_744be.dir/CheckSymbolExists.c.o  -o cmTC_744be 
CMakeFiles/cmTC_744be.dir/CheckSymbolExists.c.o: In function `main':
CheckSymbolExists.c:(.text+0x1b): undefined reference to `pthread_create'
collect2: error: ld returned 1 exit status
CMakeFiles/cmTC_744be.dir/build.make:97: recipe for target 'cmTC_744be' failed
make[1]: *** [cmTC_744be] Error 1
make[1]: Leaving directory '/home/j1ai/Desktop/CSC418/Bounding-Volume-Hierarchy/cmake-build-debug/CMakeFiles/CMakeTmp'
Makefile:126: recipe for target 'cmTC_744be/fast' failed
make: *** [cmTC_744be/fast] Error 2

File /home/j1ai/Desktop/CSC418/Bounding-Volume-Hierarchy/cmake-build-debug/CMakeFiles/CMakeTmp/CheckSymbolExists.c:
/* */
#include <pthread.h>

int main(int argc, char** argv)
{
  (void)argv;
#ifndef pthread_create
  return ((int*)(&pthread_create))[argc];
#else
  (void)argc;
  return 0;
#endif
}

Determining if the function pthread_create exists in the pthreads failed with the following output:
Change Dir: /home/j1ai/Desktop/CSC418/Bounding-Volume-Hierarchy/cmake-build-debug/CMakeFiles/CMakeTmp

Run Build Command:"/usr/bin/make" "cmTC_b2099/fast"
/usr/bin/make -f CMakeFiles/cmTC_b2099.dir/build.make CMakeFiles/cmTC_b2099.dir/build
make[1]: Entering directory '/home/j1ai/Desktop/CSC418/Bounding-Volume-Hierarchy/cmake-build-debug/CMakeFiles/CMakeTmp'
Building C object CMakeFiles/cmTC_b2099.dir/CheckFunctionExists.c.o
/usr/bin/cc   -fPIC -DCHECK_FUNCTION_EXISTS=pthread_create   -o CMakeFiles/cmTC_b2099.dir/CheckFunctionExists.c.o   -c /home/j1ai/Downloads/clion-2017.3/bin/cmake/share/cmake-3.9/Modules/CheckFunctionExists.c
Linking C executable cmTC_b2099
/home/j1ai/Downloads/clion-2017.3/bin/cmake/bin/cmake -E cmake_link_script CMakeFiles/cmTC_b2099.dir/link.txt --verbose=1
/usr/bin/cc  -fPIC -DCHECK_FUNCTION_EXISTS=pthread_create    -rdynamic CMakeFiles/cmTC_b2099.dir/CheckFunctionExists.c.o  -o cmTC_b2099 -lpthreads 
/usr/bin/ld: cannot find -lpthreads
collect2: error: ld returned 1 exit status
CMakeFiles/cmTC_b2099.dir/build.make:97: recipe for target 'cmTC_b2099' failed
make[1]: *** [cmTC_b2099] Error 1
make[1]: Leaving directory '/home/j1ai/Desktop/CSC418/Bounding-Volume-Hierarchy/cmake-build-debug/CMakeFiles/CMakeTmp'
Makefile:126: recipe for target 'cmTC_b2099/fast' failed
make: *** [cmTC_b2099/fast] Error 2


