Determining if the pthread_create exist failed with the following output:
Change Dir: /home/j1ai/Desktop/CSC418/meshes/cmake-build-debug/CMakeFiles/CMakeTmp

Run Build Command:"/usr/bin/make" "cmTC_d156c/fast"
/usr/bin/make -f CMakeFiles/cmTC_d156c.dir/build.make CMakeFiles/cmTC_d156c.dir/build
make[1]: Entering directory '/home/j1ai/Desktop/CSC418/meshes/cmake-build-debug/CMakeFiles/CMakeTmp'
Building C object CMakeFiles/cmTC_d156c.dir/CheckSymbolExists.c.o
/usr/bin/cc   -fPIC    -o CMakeFiles/cmTC_d156c.dir/CheckSymbolExists.c.o   -c /home/j1ai/Desktop/CSC418/meshes/cmake-build-debug/CMakeFiles/CMakeTmp/CheckSymbolExists.c
Linking C executable cmTC_d156c
/home/j1ai/Downloads/clion-2017.3/bin/cmake/bin/cmake -E cmake_link_script CMakeFiles/cmTC_d156c.dir/link.txt --verbose=1
/usr/bin/cc  -fPIC     -rdynamic CMakeFiles/cmTC_d156c.dir/CheckSymbolExists.c.o  -o cmTC_d156c 
CMakeFiles/cmTC_d156c.dir/CheckSymbolExists.c.o: In function `main':
CheckSymbolExists.c:(.text+0x1b): undefined reference to `pthread_create'
collect2: error: ld returned 1 exit status
CMakeFiles/cmTC_d156c.dir/build.make:97: recipe for target 'cmTC_d156c' failed
make[1]: *** [cmTC_d156c] Error 1
make[1]: Leaving directory '/home/j1ai/Desktop/CSC418/meshes/cmake-build-debug/CMakeFiles/CMakeTmp'
Makefile:126: recipe for target 'cmTC_d156c/fast' failed
make: *** [cmTC_d156c/fast] Error 2

File /home/j1ai/Desktop/CSC418/meshes/cmake-build-debug/CMakeFiles/CMakeTmp/CheckSymbolExists.c:
/* */
#include <pthread.h>

int main(int argc, char** argv)
{
  (void)argv;
#ifndef pthread_create
  return ((int*)(&pthread_create))[argc];
#else
  (void)argc;
  return 0;
#endif
}

Determining if the function pthread_create exists in the pthreads failed with the following output:
Change Dir: /home/j1ai/Desktop/CSC418/meshes/cmake-build-debug/CMakeFiles/CMakeTmp

Run Build Command:"/usr/bin/make" "cmTC_c4489/fast"
/usr/bin/make -f CMakeFiles/cmTC_c4489.dir/build.make CMakeFiles/cmTC_c4489.dir/build
make[1]: Entering directory '/home/j1ai/Desktop/CSC418/meshes/cmake-build-debug/CMakeFiles/CMakeTmp'
Building C object CMakeFiles/cmTC_c4489.dir/CheckFunctionExists.c.o
/usr/bin/cc   -fPIC -DCHECK_FUNCTION_EXISTS=pthread_create   -o CMakeFiles/cmTC_c4489.dir/CheckFunctionExists.c.o   -c /home/j1ai/Downloads/clion-2017.3/bin/cmake/share/cmake-3.9/Modules/CheckFunctionExists.c
Linking C executable cmTC_c4489
/home/j1ai/Downloads/clion-2017.3/bin/cmake/bin/cmake -E cmake_link_script CMakeFiles/cmTC_c4489.dir/link.txt --verbose=1
/usr/bin/cc  -fPIC -DCHECK_FUNCTION_EXISTS=pthread_create    -rdynamic CMakeFiles/cmTC_c4489.dir/CheckFunctionExists.c.o  -o cmTC_c4489 -lpthreads 
/usr/bin/ld: cannot find -lpthreads
collect2: error: ld returned 1 exit status
CMakeFiles/cmTC_c4489.dir/build.make:97: recipe for target 'cmTC_c4489' failed
make[1]: *** [cmTC_c4489] Error 1
make[1]: Leaving directory '/home/j1ai/Desktop/CSC418/meshes/cmake-build-debug/CMakeFiles/CMakeTmp'
Makefile:126: recipe for target 'cmTC_c4489/fast' failed
make: *** [cmTC_c4489/fast] Error 2


