Determining if the pthread_create exist failed with the following output:
Change Dir: /home/j1ai/Desktop/CSC418/shader-pipeline/cmake-build-debug/CMakeFiles/CMakeTmp

Run Build Command:"/usr/bin/make" "cmTC_326f2/fast"
/usr/bin/make -f CMakeFiles/cmTC_326f2.dir/build.make CMakeFiles/cmTC_326f2.dir/build
make[1]: Entering directory '/home/j1ai/Desktop/CSC418/shader-pipeline/cmake-build-debug/CMakeFiles/CMakeTmp'
Building C object CMakeFiles/cmTC_326f2.dir/CheckSymbolExists.c.o
/usr/bin/cc    -o CMakeFiles/cmTC_326f2.dir/CheckSymbolExists.c.o   -c /home/j1ai/Desktop/CSC418/shader-pipeline/cmake-build-debug/CMakeFiles/CMakeTmp/CheckSymbolExists.c
Linking C executable cmTC_326f2
/home/j1ai/Downloads/clion-2017.3/bin/cmake/bin/cmake -E cmake_link_script CMakeFiles/cmTC_326f2.dir/link.txt --verbose=1
/usr/bin/cc      -rdynamic CMakeFiles/cmTC_326f2.dir/CheckSymbolExists.c.o  -o cmTC_326f2 
CMakeFiles/cmTC_326f2.dir/CheckSymbolExists.c.o: In function `main':
CheckSymbolExists.c:(.text+0x16): undefined reference to `pthread_create'
collect2: error: ld returned 1 exit status
CMakeFiles/cmTC_326f2.dir/build.make:97: recipe for target 'cmTC_326f2' failed
make[1]: *** [cmTC_326f2] Error 1
make[1]: Leaving directory '/home/j1ai/Desktop/CSC418/shader-pipeline/cmake-build-debug/CMakeFiles/CMakeTmp'
Makefile:126: recipe for target 'cmTC_326f2/fast' failed
make: *** [cmTC_326f2/fast] Error 2

File /home/j1ai/Desktop/CSC418/shader-pipeline/cmake-build-debug/CMakeFiles/CMakeTmp/CheckSymbolExists.c:
/* */
#include <pthread.h>

int main(int argc, char** argv)
{
  (void)argv;
#ifndef pthread_create
  return ((int*)(&pthread_create))[argc];
#else
  (void)argc;
  return 0;
#endif
}

Determining if the function pthread_create exists in the pthreads failed with the following output:
Change Dir: /home/j1ai/Desktop/CSC418/shader-pipeline/cmake-build-debug/CMakeFiles/CMakeTmp

Run Build Command:"/usr/bin/make" "cmTC_eee0b/fast"
/usr/bin/make -f CMakeFiles/cmTC_eee0b.dir/build.make CMakeFiles/cmTC_eee0b.dir/build
make[1]: Entering directory '/home/j1ai/Desktop/CSC418/shader-pipeline/cmake-build-debug/CMakeFiles/CMakeTmp'
Building C object CMakeFiles/cmTC_eee0b.dir/CheckFunctionExists.c.o
/usr/bin/cc   -DCHECK_FUNCTION_EXISTS=pthread_create   -o CMakeFiles/cmTC_eee0b.dir/CheckFunctionExists.c.o   -c /home/j1ai/Downloads/clion-2017.3/bin/cmake/share/cmake-3.9/Modules/CheckFunctionExists.c
Linking C executable cmTC_eee0b
/home/j1ai/Downloads/clion-2017.3/bin/cmake/bin/cmake -E cmake_link_script CMakeFiles/cmTC_eee0b.dir/link.txt --verbose=1
/usr/bin/cc  -DCHECK_FUNCTION_EXISTS=pthread_create    -rdynamic CMakeFiles/cmTC_eee0b.dir/CheckFunctionExists.c.o  -o cmTC_eee0b -lpthreads 
/usr/bin/ld: cannot find -lpthreads
collect2: error: ld returned 1 exit status
CMakeFiles/cmTC_eee0b.dir/build.make:97: recipe for target 'cmTC_eee0b' failed
make[1]: *** [cmTC_eee0b] Error 1
make[1]: Leaving directory '/home/j1ai/Desktop/CSC418/shader-pipeline/cmake-build-debug/CMakeFiles/CMakeTmp'
Makefile:126: recipe for target 'cmTC_eee0b/fast' failed
make: *** [cmTC_eee0b/fast] Error 2


